{
  "RSpec": {
    "coverage": {
      "/Users/Henry/Desktop/DPL/Capstone/jrdev_app/config/environment.rb": [
        null,
        1,
        null,
        null,
        1,
        null,
        1,
        null,
        null,
        null,
        null,
        null,
        null,
        null
      ],
      "/Users/Henry/Desktop/DPL/Capstone/jrdev_app/config/application.rb": [
        1,
        null,
        1,
        null,
        1,
        1,
        1,
        1,
        1,
        1,
        1,
        null,
        null,
        null,
        null,
        1,
        null,
        1,
        1,
        null,
        null,
        null,
        null,
        null,
        null,
        null,
        null,
        null,
        null,
        null,
        null,
        null,
        1,
        1,
        null,
        null
      ],
      "/Users/Henry/Desktop/DPL/Capstone/jrdev_app/config/boot.rb": [
        1,
        null,
        1
      ],
      "/Users/Henry/Desktop/DPL/Capstone/jrdev_app/config/environments/test.rb": [
        1,
        null,
        null,
        null,
        null,
        null,
        null,
        1,
        null,
        null,
        null,
        null,
        1,
        null,
        null,
        1,
        1,
        null,
        null,
        1,
        1,
        null,
        null,
        1,
        null,
        null,
        1,
        null,
        null,
        null,
        null,
        1,
        null,
        null,
        1,
        null,
        null,
        1,
        null,
        null,
        null,
        null
      ],
      "/Users/Henry/Desktop/DPL/Capstone/jrdev_app/config/initializers/assets.rb": [
        null,
        null,
        null,
        1,
        null,
        null,
        null,
        null,
        null,
        null,
        null
      ],
      "/Users/Henry/Desktop/DPL/Capstone/jrdev_app/config/initializers/backtrace_silencers.rb": [
        null,
        null,
        null,
        null,
        null,
        null,
        null
      ],
      "/Users/Henry/Desktop/DPL/Capstone/jrdev_app/config/initializers/cookies_serializer.rb": [
        null,
        null,
        1
      ],
      "/Users/Henry/Desktop/DPL/Capstone/jrdev_app/config/initializers/devise.rb": [
        null,
        null,
        1,
        null,
        null,
        null,
        null,
        null,
        null,
        null,
        null,
        null,
        null,
        null,
        1,
        null,
        null,
        null,
        null,
        null,
        null,
        null,
        null,
        null,
        null,
        null,
        1,
        null,
        null,
        null,
        null,
        null,
        null,
        null,
        null,
        null,
        null,
        null,
        null,
        null,
        null,
        null,
        null,
        null,
        null,
        null,
        null,
        null,
        1,
        null,
        null,
        null,
        null,
        1,
        null,
        null,
        null,
        null,
        null,
        null,
        null,
        null,
        null,
        null,
        null,
        null,
        null,
        null,
        null,
        null,
        null,
        null,
        null,
        null,
        null,
        null,
        null,
        null,
        null,
        null,
        null,
        null,
        null,
        null,
        1,
        null,
        null,
        null,
        null,
        null,
        null,
        null,
        null,
        null,
        null,
        null,
        null,
        null,
        null,
        null,
        null,
        1,
        null,
        null,
        null,
        null,
        null,
        null,
        null,
        null,
        null,
        null,
        null,
        null,
        null,
        null,
        null,
        null,
        null,
        null,
        null,
        null,
        null,
        null,
        null,
        null,
        null,
        null,
        null,
        1,
        null,
        null,
        null,
        null,
        null,
        null,
        null,
        null,
        null,
        1,
        null,
        null,
        null,
        null,
        null,
        null,
        null,
        null,
        null,
        null,
        1,
        null,
        null,
        null,
        null,
        1,
        null,
        null,
        null,
        null,
        null,
        null,
        null,
        null,
        null,
        null,
        null,
        null,
        null,
        null,
        null,
        null,
        null,
        null,
        null,
        null,
        null,
        null,
        null,
        null,
        null,
        null,
        null,
        null,
        null,
        null,
        null,
        null,
        null,
        null,
        null,
        null,
        null,
        null,
        null,
        null,
        1,
        null,
        null,
        null,
        null,
        null,
        null,
        null,
        null,
        null,
        null,
        null,
        null,
        null,
        null,
        null,
        null,
        null,
        null,
        null,
        null,
        null,
        null,
        null,
        null,
        null,
        null,
        null,
        null,
        null,
        null,
        null,
        null,
        null,
        null,
        null,
        null,
        null,
        null,
        null,
        null,
        null,
        1,
        null,
        null,
        null,
        null,
        null,
        null,
        null,
        null,
        null,
        null,
        null,
        null,
        null,
        null,
        null,
        null,
        null,
        null,
        null,
        null,
        null,
        null,
        null,
        null,
        null,
        null,
        null,
        null,
        null
      ],
      "/Users/Henry/Desktop/DPL/Capstone/jrdev_app/config/initializers/filter_parameter_logging.rb": [
        null,
        null,
        null,
        1
      ],
      "/Users/Henry/Desktop/DPL/Capstone/jrdev_app/config/initializers/inflections.rb": [
        null,
        null,
        null,
        null,
        null,
        null,
        null,
        null,
        null,
        null,
        null,
        null,
        null,
        null,
        null,
        null
      ],
      "/Users/Henry/Desktop/DPL/Capstone/jrdev_app/config/initializers/mail.rb": [
        1,
        1,
        1,
        1,
        null,
        null,
        0,
        null
      ],
      "/Users/Henry/Desktop/DPL/Capstone/jrdev_app/config/initializers/mime_types.rb": [
        null,
        null,
        null,
        null
      ],
      "/Users/Henry/Desktop/DPL/Capstone/jrdev_app/config/initializers/repl.rb": [
        1,
        0,
        0,
        0,
        0,
        null,
        0,
        null,
        null
      ],
      "/Users/Henry/Desktop/DPL/Capstone/jrdev_app/config/initializers/sendgrid.rb": [
        1,
        0,
        0,
        null,
        null
      ],
      "/Users/Henry/Desktop/DPL/Capstone/jrdev_app/config/initializers/session_store.rb": [
        null,
        null,
        1
      ],
      "/Users/Henry/Desktop/DPL/Capstone/jrdev_app/config/initializers/wrap_parameters.rb": [
        null,
        null,
        null,
        null,
        null,
        null,
        1,
        1,
        null,
        null,
        null,
        null,
        null,
        null
      ],
      "/Users/Henry/Desktop/DPL/Capstone/jrdev_app/spec/factories/completed_exercise.rb": [

      ],
      "/Users/Henry/Desktop/DPL/Capstone/jrdev_app/spec/factories/exercise.rb": [
        1,
        1,
        1,
        0,
        null,
        1,
        1,
        1,
        0,
        null,
        1,
        null,
        null
      ],
      "/Users/Henry/Desktop/DPL/Capstone/jrdev_app/spec/factories/lesson.rb": [
        1,
        1,
        1,
        0,
        null,
        null,
        null
      ],
      "/Users/Henry/Desktop/DPL/Capstone/jrdev_app/spec/factories/user.rb": [
        1,
        1,
        1,
        0,
        null,
        1,
        1,
        0,
        null,
        1,
        1,
        1,
        null,
        null
      ],
      "/Users/Henry/Desktop/DPL/Capstone/jrdev_app/config/routes.rb": [
        1,
        null,
        1,
        null,
        1,
        1,
        1,
        1,
        1,
        null,
        1,
        1,
        1,
        1,
        1,
        1,
        1,
        1,
        1,
        1,
        null,
        1,
        1,
        null,
        null,
        null,
        null,
        1,
        null,
        null,
        null,
        null,
        null,
        1,
        null,
        null
      ],
      "/Users/Henry/Desktop/DPL/Capstone/jrdev_app/app/models/user.rb": [
        1,
        1,
        1,
        1,
        1,
        1,
        1,
        1,
        1,
        1,
        1,
        1,
        null,
        null,
        1,
        null,
        null,
        1,
        0,
        0,
        null,
        null,
        1,
        null,
        1,
        0,
        0,
        0,
        null,
        null,
        null,
        1,
        0,
        0,
        0,
        0,
        null,
        null,
        null,
        1,
        0,
        0,
        0,
        null,
        0,
        null,
        null,
        1,
        0,
        0,
        null,
        null,
        null,
        null,
        null,
        null,
        0,
        null,
        0,
        null,
        null,
        1,
        0,
        null,
        null,
        1,
        0,
        null,
        null,
        1,
        0,
        null,
        null,
        1,
        0,
        null,
        null,
        1,
        0,
        null,
        null,
        1,
        1,
        0,
        0,
        null,
        null
      ],
      "/Users/Henry/Desktop/DPL/Capstone/jrdev_app/app/helpers/api/classrooms_helper.rb": [
        1,
        null
      ],
      "/Users/Henry/Desktop/DPL/Capstone/jrdev_app/app/helpers/api/exercises_helper.rb": [
        1,
        null
      ],
      "/Users/Henry/Desktop/DPL/Capstone/jrdev_app/app/helpers/api/friendships_helper.rb": [
        1,
        null
      ],
      "/Users/Henry/Desktop/DPL/Capstone/jrdev_app/app/helpers/application_helper.rb": [
        1,
        null
      ],
      "/Users/Henry/Desktop/DPL/Capstone/jrdev_app/app/models/classroom.rb": [
        1,
        1,
        1,
        1,
        null,
        1,
        0,
        0,
        null,
        null,
        1,
        0,
        0,
        null,
        null,
        null,
        0,
        0,
        null,
        null,
        null,
        1,
        0,
        null,
        null
      ]
    },
    "timestamp": 1468422391
  }
}
